<?xml version="1.0" encoding="UTF-8"?>
<testng-results ignored="0" total="1" passed="1" failed="0" skipped="0">
  <reporter-output>
  </reporter-output>
  <suite started-at="2023-01-30T16:22:41 IST" name="Default suite" finished-at="2023-01-30T16:22:53 IST" duration-ms="11294">
    <groups>
    </groups>
    <test started-at="2023-01-30T16:22:41 IST" name="Default test" finished-at="2023-01-30T16:22:53 IST" duration-ms="11294">
      <class name="Example.Example.amazon">
        <test-method signature="table()[pri:0, instance:Example.Example.amazon@550ee7e5]" started-at="2023-01-30T16:22:41 IST" name="table" finished-at="2023-01-30T16:22:53 IST" duration-ms="11243" status="PASS">
          <reporter-output>
          </reporter-output>
        </test-method> <!-- table -->
      </class> <!-- Example.Example.amazon -->
    </test> <!-- Default test -->
  </suite> <!-- Default suite -->
</testng-results>
