<?xml version="1.0" encoding="UTF-8"?>
<testng-results ignored="0" total="1" passed="1" failed="0" skipped="0">
  <reporter-output>
  </reporter-output>
  <suite started-at="2023-01-25T15:02:16 IST" name="Default suite" finished-at="2023-01-25T15:02:25 IST" duration-ms="9071">
    <groups>
    </groups>
    <test started-at="2023-01-25T15:02:16 IST" name="Default test" finished-at="2023-01-25T15:02:25 IST" duration-ms="9071">
      <class name="Example.Example.demo">
        <test-method signature="setup()[pri:0, instance:Example.Example.demo@550ee7e5]" started-at="2023-01-25T15:02:16 IST" name="setup" finished-at="2023-01-25T15:02:25 IST" duration-ms="9019" status="PASS">
          <reporter-output>
          </reporter-output>
        </test-method> <!-- setup -->
      </class> <!-- Example.Example.demo -->
    </test> <!-- Default test -->
  </suite> <!-- Default suite -->
</testng-results>
